%!Adobe-FontList 1.14
%Locale:0x405

%BeginFont
Handler:DirectoryHandler
FontType:Invalid
OutlineFileName:D:\Users\Panzeleny\Disk Google\ferda domu notifikace PAVLICEK\Font\fontawesome-webfont.eot
FileModTime:1407764042
%EndFont

%BeginFont
Handler:DirectoryHandler
FontType:Invalid
OutlineFileName:D:\Users\Panzeleny\Disk Google\ferda domu notifikace PAVLICEK\Font\fontawesome-webfont.svg
FileModTime:1407764042
%EndFont

%BeginFont
Handler:DirectoryHandler
FontType:TrueType
FontName:FontAwesome
FamilyName:FontAwesome
StyleName:Regular
FullName:FontAwesome Regular
MenuName:FontAwesome
StyleBits:0
WritingScript:Roman
OutlineFileName:D:\Users\Panzeleny\Disk Google\ferda domu notifikace PAVLICEK\Font\fontawesome-webfont.ttf
DataFormat:sfntData
FileLength:55096
FileModTime:1407764042
WeightClass:400
WidthClass:5
AngleClass:0
%EndFont

%BeginFont
Handler:DirectoryHandler
FontType:Invalid
OutlineFileName:D:\Users\Panzeleny\Disk Google\ferda domu notifikace PAVLICEK\Font\fontawesome-webfont.woff
FileModTime:1407764042
%EndFont

%BeginFont
Handler:DirectoryHandler
FontType:Type1
FontName:FontAwesome
FamilyName:FontAwesome
StyleName:Regular
FullName:FontAwesome
MenuName:FontAwesome
StyleBits:0
WritingScript:Roman
OutlineFileName:D:\Users\Panzeleny\Disk Google\ferda domu notifikace PAVLICEK\Font\FontAwesome.otf
DataFormat:sfntData
UsesStandardEncoding:yes
isCFF:yes
FileLength:48748
FileModTime:1407764042
WeightClass:400
WidthClass:5
AngleClass:0
%EndFont

